2025-11-06 16:42:56,294 INFO [main] app.Main [Main.java:18] Pokrenut program!
2025-11-06 16:42:59,760 DEBUG [main] app.Main [Main.java:49] Odabrana opcija: 
2025-11-06 16:42:59,763 INFO [main] app.Main [Main.java:53] Odabrano: dodavanje kolegija.
2025-11-06 16:43:05,105 WARN [main] app.Main [Main.java:262] Unesen negativan ili nula gdje nije dozvoljeno.
entity.NegativeNumberException: Vrijednost mora biti veći pozitivan broj.
	at app.Main.inputPositiveInt(Main.java:254)
	at app.Main.main(Main.java:59)
2025-11-06 16:43:18,249 WARN [main] app.Main [Main.java:262] Unesen negativan ili nula gdje nije dozvoljeno.
entity.NegativeNumberException: Vrijednost mora biti veći pozitivan broj.
	at app.Main.inputPositiveInt(Main.java:254)
	at app.Main.inputDate(Main.java:334)
	at app.Main.main(Main.java:60)
2025-11-06 16:44:33,373 INFO [main] app.Main [Main.java:18] Pokrenut program!
2025-11-06 16:44:35,060 DEBUG [main] app.Main [Main.java:49] Odabrana opcija: 
2025-11-06 16:44:35,062 INFO [main] app.Main [Main.java:53] Odabrano: dodavanje kolegija.
2025-11-06 16:44:39,594 WARN [main] app.Main [Main.java:262] Unesen negativan ili nula gdje nije dozvoljeno.
entity.NegativeNumberException: Vrijednost mora biti veći pozitivan broj.
	at app.Main.inputPositiveInt(Main.java:254)
	at app.Main.main(Main.java:59)
2025-11-06 16:44:54,259 INFO [main] app.Main [Main.java:68] Dodan kolegij: Subject[name=kolegij1, ects=10, dateTime=2025-01-20T20:00, location=zag, duration=90]
2025-11-06 16:45:03,873 DEBUG [main] app.Main [Main.java:49] Odabrana opcija: 
2025-11-06 16:45:03,875 INFO [main] app.Main [Main.java:201] Odabrano: kolegij s najviše ECTS.
